<?xml version="1.0" encoding="UTF-8"?>
<!-- Generated by org.testng.reporters.JUnitReportReporter -->
<testsuite hostname="bb-system-3161" failures="0" tests="1" name="com.baseTest.JavaQuestions" time="4.445" errors="0" timestamp="2023-02-06T16:30:03 IST" skipped="0">
  <testcase classname="com.baseTest.JavaQuestions" name="test1" time="4.445"/>
  <system-out/>
</testsuite> <!-- com.baseTest.JavaQuestions -->
