<?xml version="1.0" encoding="UTF-8"?>
<!-- Generated by org.testng.reporters.JUnitReportReporter -->
<testsuite hostname="bb-system-3161" failures="0" tests="1" name="com.appTests.CheckoutItemToCart" time="9.367" errors="0" timestamp="2023-03-10T22:16:11 IST" skipped="0">
  <testcase classname="com.appTests.CheckoutItemToCart" name="validateCheckout" time="9.367"/>
  <system-out/>
</testsuite> <!-- com.appTests.CheckoutItemToCart -->
