<?xml version="1.0" encoding="UTF-8"?>
<!-- Generated by org.testng.reporters.JUnitReportReporter -->
<testsuite hostname="bb-system-3161" failures="0" tests="1" name="com.iOS.testcases.LoginTests" time="83.553" errors="0" timestamp="2023-02-06T17:42:44 IST" skipped="0">
  <testcase classname="com.iOS.testcases.LoginTests" name="loginTest_iOS" time="83.553"/>
  <system-out/>
</testsuite> <!-- com.iOS.testcases.LoginTests -->
