<?xml version="1.0" encoding="UTF-8"?>
<!-- Generated by org.testng.reporters.JUnitReportReporter -->
<testsuite hostname="bb-system-3161" failures="0" tests="1" name="com.android.testcases.LoginTests" time="62.177" errors="0" timestamp="2023-02-06T17:42:44 IST" skipped="0">
  <testcase classname="com.android.testcases.LoginTests" name="loginTest_Android" time="62.177"/>
  <system-out/>
</testsuite> <!-- com.android.testcases.LoginTests -->
