<?xml version="1.0" encoding="UTF-8"?>
<!-- Generated by org.testng.reporters.JUnitReportReporter -->
<testsuite hostname="bb-system-3161" failures="0" tests="1" name="com.appTests.SignUpTest2" time="11.682" errors="0" timestamp="2023-03-07T12:49:26 IST" skipped="0">
  <testcase classname="com.appTests.SignUpTest2" name="validateSignUp2" time="11.682"/>
  <system-out/>
</testsuite> <!-- com.appTests.SignUpTest2 -->
